0 verbose cli C:\Program Files\nodejs\node.exe C:\Users\sri45\AppData\Roaming\npm\node_modules\npm\bin\npm-cli.js
1 info using npm@10.2.4
2 info using node@v18.18.2
3 timing npm:load:whichnode Completed in 3ms
4 timing config:load:defaults Completed in 3ms
5 timing config:load:file:C:\Users\sri45\AppData\Roaming\npm\node_modules\npm\npmrc Completed in 6ms
6 timing config:load:builtin Completed in 6ms
7 timing config:load:cli Completed in 2ms
8 timing config:load:env Completed in 1ms
9 timing config:load:file:C:\Users\sri45\OneDrive\Desktop\GoingGreen\GROUP6\.npmrc Completed in 0ms
10 timing config:load:project Completed in 2ms
11 timing config:load:file:C:\Users\sri45\.npmrc Completed in 0ms
12 timing config:load:user Completed in 0ms
13 timing config:load:file:C:\Users\sri45\AppData\Roaming\npm\etc\npmrc Completed in 0ms
14 timing config:load:global Completed in 1ms
15 timing config:load:setEnvs Completed in 2ms
16 timing config:load Completed in 17ms
17 timing npm:load:configload Completed in 17ms
18 timing config:load:flatten Completed in 5ms
19 timing npm:load:mkdirpcache Completed in 0ms
20 timing npm:load:mkdirplogs Completed in 0ms
21 verbose title npm install
22 verbose argv "install"
23 timing npm:load:setTitle Completed in 1ms
24 timing npm:load:display Completed in 0ms
25 verbose logfile logs-max:10 dir:C:\Users\sri45\OneDrive\Desktop\GoingGreen\GROUP6\.npm-cache\_logs\2023-12-03T00_33_00_584Z-
26 verbose logfile C:\Users\sri45\OneDrive\Desktop\GoingGreen\GROUP6\.npm-cache\_logs\2023-12-03T00_33_00_584Z-debug-0.log
27 timing npm:load:logFile Completed in 13ms
28 timing npm:load:timers Completed in 0ms
29 timing npm:load:configScope Completed in 0ms
30 timing npm:load Completed in 88ms
31 timing config:load:flatten Completed in 1ms
32 timing arborist:ctor Completed in 0ms
33 silly logfile done cleaning log files
34 timing idealTree:init Completed in 9ms
35 timing idealTree:userRequests Completed in 1ms
36 silly idealTree buildDeps
37 timing idealTree:#root Completed in 0ms
38 timing idealTree:buildDeps Completed in 1ms
39 timing idealTree:fixDepFlags Completed in 0ms
40 timing idealTree Completed in 13ms
41 timing reify:loadTrees Completed in 16ms
42 timing reify:diffTrees Completed in 0ms
43 silly reify moves {}
44 timing reify:retireShallow Completed in 1ms
45 timing reify:createSparse Completed in 0ms
46 timing reify:loadBundles Completed in 0ms
47 timing reify:unpack Completed in 0ms
48 timing reify:unretire Completed in 0ms
49 timing build:queue Completed in 0ms
50 timing build:deps Completed in 0ms
51 timing build Completed in 0ms
52 timing reify:build Completed in 0ms
53 timing reify:trash Completed in 0ms
54 timing reify:save Completed in 47ms
55 timing reify Completed in 157ms
56 timing command:install Completed in 163ms
57 verbose stack Error: ENOENT: no such file or directory, open 'C:\Users\sri45\OneDrive\Desktop\GoingGreen\GROUP6\package.json'
58 verbose cwd C:\Users\sri45\OneDrive\Desktop\GoingGreen\GROUP6
59 verbose Windows_NT 10.0.22621
60 verbose node v18.18.2
61 verbose npm  v10.2.4
62 error code ENOENT
63 error syscall open
64 error path C:\Users\sri45\OneDrive\Desktop\GoingGreen\GROUP6/package.json
65 error errno -4058
66 error enoent ENOENT: no such file or directory, open 'C:\Users\sri45\OneDrive\Desktop\GoingGreen\GROUP6\package.json'
67 error enoent This is related to npm not being able to find a file.
67 error enoent
68 verbose exit -4058
69 timing npm Completed in 737ms
70 verbose code -4058
71 error A complete log of this run can be found in: C:\Users\sri45\OneDrive\Desktop\GoingGreen\GROUP6\.npm-cache\_logs\2023-12-03T00_33_00_584Z-debug-0.log
